[2016-04-29 08:42:45] request.ERROR: Uncaught PHP Exception Symfony\Component\HttpKernel\Exception\NotFoundHttpException: "No route found for "GET /_profiler/"" at /vagrant/app/cache/prod/classes.php line 2449 {"exception":"[object] (Symfony\\Component\\HttpKernel\\Exception\\NotFoundHttpException(code: 0): No route found for \"GET /_profiler/\" at /vagrant/app/cache/prod/classes.php:2449, Symfony\\Component\\Routing\\Exception\\ResourceNotFoundException(code: 0):  at /vagrant/app/cache/prod/appProdUrlMatcher.php:39)"} []
[2016-04-29 10:06:45] request.ERROR: Uncaught PHP Exception Symfony\Component\HttpKernel\Exception\NotFoundHttpException: "No route found for "GET /_profiler/phpinfo"" at /vagrant/app/cache/prod/classes.php line 2449 {"exception":"[object] (Symfony\\Component\\HttpKernel\\Exception\\NotFoundHttpException(code: 0): No route found for \"GET /_profiler/phpinfo\" at /vagrant/app/cache/prod/classes.php:2449, Symfony\\Component\\Routing\\Exception\\ResourceNotFoundException(code: 0):  at /vagrant/app/cache/prod/appProdUrlMatcher.php:39)"} []
[2016-04-29 10:07:05] request.ERROR: Uncaught PHP Exception Symfony\Component\HttpKernel\Exception\NotFoundHttpException: "No route found for "GET /_profiler/phpinfo"" at /vagrant/app/cache/prod/classes.php line 2449 {"exception":"[object] (Symfony\\Component\\HttpKernel\\Exception\\NotFoundHttpException(code: 0): No route found for \"GET /_profiler/phpinfo\" at /vagrant/app/cache/prod/classes.php:2449, Symfony\\Component\\Routing\\Exception\\ResourceNotFoundException(code: 0):  at /vagrant/app/cache/prod/appProdUrlMatcher.php:39)"} []
[2016-04-29 10:07:24] request.ERROR: Uncaught PHP Exception Symfony\Component\HttpKernel\Exception\NotFoundHttpException: "No route found for "GET /_profiler/"" at /vagrant/app/cache/prod/classes.php line 2449 {"exception":"[object] (Symfony\\Component\\HttpKernel\\Exception\\NotFoundHttpException(code: 0): No route found for \"GET /_profiler/\" at /vagrant/app/cache/prod/classes.php:2449, Symfony\\Component\\Routing\\Exception\\ResourceNotFoundException(code: 0):  at /vagrant/app/cache/prod/appProdUrlMatcher.php:39)"} []
[2016-04-29 10:46:47] request.ERROR: Uncaught PHP Exception Symfony\Component\HttpKernel\Exception\NotFoundHttpException: "No route found for "GET /hello/dirk"" at /vagrant/app/cache/prod/classes.php line 2449 {"exception":"[object] (Symfony\\Component\\HttpKernel\\Exception\\NotFoundHttpException(code: 0): No route found for \"GET /hello/dirk\" at /vagrant/app/cache/prod/classes.php:2449, Symfony\\Component\\Routing\\Exception\\ResourceNotFoundException(code: 0):  at /vagrant/app/cache/prod/appProdUrlMatcher.php:39)"} []
[2016-04-29 10:47:43] request.ERROR: Uncaught PHP Exception Symfony\Component\HttpKernel\Exception\NotFoundHttpException: "No route found for "GET /hello/dirk"" at /vagrant/app/cache/prod/classes.php line 2449 {"exception":"[object] (Symfony\\Component\\HttpKernel\\Exception\\NotFoundHttpException(code: 0): No route found for \"GET /hello/dirk\" at /vagrant/app/cache/prod/classes.php:2449, Symfony\\Component\\Routing\\Exception\\ResourceNotFoundException(code: 0):  at /vagrant/app/cache/prod/appProdUrlMatcher.php:39)"} []
[2016-04-29 10:51:17] request.ERROR: Uncaught PHP Exception Symfony\Component\HttpKernel\Exception\NotFoundHttpException: "No route found for "GET /hello/dirk"" at /vagrant/app/cache/prod/classes.php line 2449 {"exception":"[object] (Symfony\\Component\\HttpKernel\\Exception\\NotFoundHttpException(code: 0): No route found for \"GET /hello/dirk\" at /vagrant/app/cache/prod/classes.php:2449, Symfony\\Component\\Routing\\Exception\\ResourceNotFoundException(code: 0):  at /vagrant/app/cache/prod/appProdUrlMatcher.php:39)"} []
[2016-04-29 10:55:22] request.ERROR: Uncaught PHP Exception Symfony\Component\HttpKernel\Exception\NotFoundHttpException: "No route found for "GET /hello/dirk"" at /vagrant/app/cache/prod/classes.php line 2449 {"exception":"[object] (Symfony\\Component\\HttpKernel\\Exception\\NotFoundHttpException(code: 0): No route found for \"GET /hello/dirk\" at /vagrant/app/cache/prod/classes.php:2449, Symfony\\Component\\Routing\\Exception\\ResourceNotFoundException(code: 0):  at /vagrant/app/cache/prod/appProdUrlMatcher.php:39)"} []
[2016-04-29 15:29:22] request.ERROR: Uncaught PHP Exception Symfony\Component\HttpKernel\Exception\NotFoundHttpException: "No route found for "GET /hello/dirk"" at /vagrant/app/cache/prod/classes.php line 2449 {"exception":"[object] (Symfony\\Component\\HttpKernel\\Exception\\NotFoundHttpException(code: 0): No route found for \"GET /hello/dirk\" at /vagrant/app/cache/prod/classes.php:2449, Symfony\\Component\\Routing\\Exception\\ResourceNotFoundException(code: 0):  at /vagrant/app/cache/prod/appProdUrlMatcher.php:39)"} []
[2016-04-29 15:58:26] request.ERROR: Uncaught PHP Exception Symfony\Component\HttpKernel\Exception\NotFoundHttpException: "No route found for "GET /hello/dirk"" at /vagrant/app/cache/prod/classes.php line 2449 {"exception":"[object] (Symfony\\Component\\HttpKernel\\Exception\\NotFoundHttpException(code: 0): No route found for \"GET /hello/dirk\" at /vagrant/app/cache/prod/classes.php:2449, Symfony\\Component\\Routing\\Exception\\ResourceNotFoundException(code: 0):  at /vagrant/app/cache/prod/appProdUrlMatcher.php:39)"} []
[2016-04-29 15:59:51] request.ERROR: Uncaught PHP Exception Symfony\Component\HttpKernel\Exception\NotFoundHttpException: "No route found for "GET /hello/dirk"" at /vagrant/app/cache/prod/classes.php line 2449 {"exception":"[object] (Symfony\\Component\\HttpKernel\\Exception\\NotFoundHttpException(code: 0): No route found for \"GET /hello/dirk\" at /vagrant/app/cache/prod/classes.php:2449, Symfony\\Component\\Routing\\Exception\\ResourceNotFoundException(code: 0):  at /vagrant/app/cache/prod/appProdUrlMatcher.php:39)"} []
[2016-04-29 16:00:23] request.ERROR: Uncaught PHP Exception Symfony\Component\HttpKernel\Exception\NotFoundHttpException: "No route found for "GET /hello/dirk"" at /vagrant/app/cache/prod/classes.php line 2449 {"exception":"[object] (Symfony\\Component\\HttpKernel\\Exception\\NotFoundHttpException(code: 0): No route found for \"GET /hello/dirk\" at /vagrant/app/cache/prod/classes.php:2449, Symfony\\Component\\Routing\\Exception\\ResourceNotFoundException(code: 0):  at /vagrant/app/cache/prod/appProdUrlMatcher.php:39)"} []
[2016-04-29 16:00:24] request.ERROR: Uncaught PHP Exception Symfony\Component\HttpKernel\Exception\NotFoundHttpException: "No route found for "GET /favicon.ico"" at /vagrant/app/cache/prod/classes.php line 2449 {"exception":"[object] (Symfony\\Component\\HttpKernel\\Exception\\NotFoundHttpException(code: 0): No route found for \"GET /favicon.ico\" at /vagrant/app/cache/prod/classes.php:2449, Symfony\\Component\\Routing\\Exception\\ResourceNotFoundException(code: 0):  at /vagrant/app/cache/prod/appProdUrlMatcher.php:39)"} []
[2016-04-29 16:03:17] request.ERROR: Uncaught PHP Exception Symfony\Component\HttpKernel\Exception\NotFoundHttpException: "No route found for "GET /hello/dirk"" at /vagrant/app/cache/prod/classes.php line 2449 {"exception":"[object] (Symfony\\Component\\HttpKernel\\Exception\\NotFoundHttpException(code: 0): No route found for \"GET /hello/dirk\" at /vagrant/app/cache/prod/classes.php:2449, Symfony\\Component\\Routing\\Exception\\ResourceNotFoundException(code: 0):  at /vagrant/app/cache/prod/appProdUrlMatcher.php:39)"} []
[2016-04-29 16:03:25] request.ERROR: Uncaught PHP Exception Symfony\Component\HttpKernel\Exception\NotFoundHttpException: "No route found for "GET /hello/dirk"" at /vagrant/app/cache/prod/classes.php line 2449 {"exception":"[object] (Symfony\\Component\\HttpKernel\\Exception\\NotFoundHttpException(code: 0): No route found for \"GET /hello/dirk\" at /vagrant/app/cache/prod/classes.php:2449, Symfony\\Component\\Routing\\Exception\\ResourceNotFoundException(code: 0):  at /vagrant/app/cache/prod/appProdUrlMatcher.php:39)"} []
[2016-05-01 17:42:39] request.ERROR: Uncaught PHP Exception Symfony\Component\HttpKernel\Exception\NotFoundHttpException: "No route found for "GET /router:debug"" at /vagrant/app/cache/prod/classes.php line 2449 {"exception":"[object] (Symfony\\Component\\HttpKernel\\Exception\\NotFoundHttpException(code: 0): No route found for \"GET /router:debug\" at /vagrant/app/cache/prod/classes.php:2449, Symfony\\Component\\Routing\\Exception\\ResourceNotFoundException(code: 0):  at /vagrant/app/cache/prod/appProdUrlMatcher.php:53)"} []
[2016-05-01 17:42:39] event.DEBUG: Notified event "kernel.request" to listener "Symfony\Component\EventDispatcher\Debug\WrappedListener::__invoke". [] []
[2016-05-01 17:42:39] event.DEBUG: Notified event "kernel.request" to listener "Symfony\Component\EventDispatcher\Debug\WrappedListener::__invoke". [] []
[2016-05-01 17:42:39] event.DEBUG: Notified event "kernel.request" to listener "Symfony\Component\EventDispatcher\Debug\WrappedListener::__invoke". [] []
[2016-05-01 17:42:39] event.DEBUG: Notified event "kernel.request" to listener "Symfony\Component\EventDispatcher\Debug\WrappedListener::__invoke". [] []
[2016-05-01 17:42:39] event.DEBUG: Notified event "kernel.request" to listener "Symfony\Component\EventDispatcher\Debug\WrappedListener::__invoke". [] []
[2016-05-01 17:42:39] event.DEBUG: Notified event "kernel.request" to listener "Symfony\Component\EventDispatcher\Debug\WrappedListener::__invoke". [] []
[2016-05-01 17:42:39] event.DEBUG: Notified event "kernel.request" to listener "Symfony\Component\EventDispatcher\Debug\WrappedListener::__invoke". [] []
[2016-05-01 17:42:40] event.DEBUG: Notified event "kernel.controller" to listener "Sensio\Bundle\FrameworkExtraBundle\EventListener\ControllerListener::onKernelController". [] []
[2016-05-01 17:42:40] event.DEBUG: Notified event "kernel.controller" to listener "Sensio\Bundle\FrameworkExtraBundle\EventListener\ParamConverterListener::onKernelController". [] []
[2016-05-01 17:42:40] event.DEBUG: Notified event "kernel.controller" to listener "Sensio\Bundle\FrameworkExtraBundle\EventListener\HttpCacheListener::onKernelController". [] []
[2016-05-01 17:42:40] event.DEBUG: Notified event "kernel.controller" to listener "Sensio\Bundle\FrameworkExtraBundle\EventListener\SecurityListener::onKernelController". [] []
[2016-05-01 17:42:40] event.DEBUG: Notified event "kernel.controller" to listener "Sensio\Bundle\FrameworkExtraBundle\EventListener\TemplateListener::onKernelController". [] []
[2016-05-01 17:42:42] event.DEBUG: Notified event "kernel.response" to listener "Symfony\Component\HttpKernel\EventListener\ResponseListener::onKernelResponse". [] []
[2016-05-01 17:42:42] event.DEBUG: Notified event "kernel.response" to listener "Symfony\Component\Security\Http\RememberMe\ResponseListener::onKernelResponse". [] []
[2016-05-01 17:42:42] event.DEBUG: Notified event "kernel.response" to listener "Sensio\Bundle\FrameworkExtraBundle\EventListener\HttpCacheListener::onKernelResponse". [] []
[2016-05-01 17:42:42] event.DEBUG: Notified event "kernel.response" to listener "Symfony\Component\HttpKernel\EventListener\SaveSessionListener::onKernelResponse". [] []
[2016-05-01 17:42:42] event.DEBUG: Notified event "kernel.response" to listener "Symfony\Component\HttpKernel\EventListener\StreamedResponseListener::onKernelResponse". [] []
[2016-05-01 17:42:42] event.DEBUG: Notified event "kernel.finish_request" to listener "Symfony\Component\HttpKernel\EventListener\LocaleListener::onKernelFinishRequest". [] []
[2016-05-01 17:42:42] event.DEBUG: Notified event "kernel.finish_request" to listener "Symfony\Component\HttpKernel\EventListener\TranslatorListener::onKernelFinishRequest". [] []
[2016-05-01 17:42:42] event.DEBUG: Notified event "kernel.finish_request" to listener "Symfony\Component\HttpKernel\EventListener\RouterListener::onKernelFinishRequest". [] []
[2016-05-01 17:42:42] event.DEBUG: Notified event "kernel.finish_request" to listener "Symfony\Component\Security\Http\Firewall::onKernelFinishRequest". [] []
[2016-05-01 17:42:42] event.DEBUG: Notified event "kernel.exception" to listener "Symfony\Component\HttpKernel\EventListener\ExceptionListener::onKernelException". [] []
[2016-05-01 17:42:42] event.DEBUG: Listener "Symfony\Component\HttpKernel\EventListener\ExceptionListener::onKernelException" stopped propagation of the event "kernel.exception". [] []
[2016-05-01 17:42:42] event.DEBUG: Notified event "kernel.response" to listener "Symfony\Component\HttpKernel\EventListener\ResponseListener::onKernelResponse". [] []
[2016-05-01 17:42:42] event.DEBUG: Notified event "kernel.response" to listener "Symfony\Component\Security\Http\RememberMe\ResponseListener::onKernelResponse". [] []
[2016-05-01 17:42:42] event.DEBUG: Notified event "kernel.response" to listener "Sensio\Bundle\FrameworkExtraBundle\EventListener\HttpCacheListener::onKernelResponse". [] []
[2016-05-01 17:42:42] event.DEBUG: Notified event "kernel.response" to listener "Symfony\Component\HttpKernel\EventListener\SaveSessionListener::onKernelResponse". [] []
[2016-05-01 17:42:42] event.DEBUG: Notified event "kernel.response" to listener "Symfony\Component\HttpKernel\EventListener\StreamedResponseListener::onKernelResponse". [] []
[2016-05-01 17:42:42] event.DEBUG: Notified event "kernel.finish_request" to listener "Symfony\Component\HttpKernel\EventListener\LocaleListener::onKernelFinishRequest". [] []
[2016-05-01 17:42:42] event.DEBUG: Notified event "kernel.finish_request" to listener "Symfony\Component\HttpKernel\EventListener\TranslatorListener::onKernelFinishRequest". [] []
[2016-05-01 17:42:42] event.DEBUG: Notified event "kernel.finish_request" to listener "Symfony\Component\HttpKernel\EventListener\RouterListener::onKernelFinishRequest". [] []
[2016-05-01 17:42:42] event.DEBUG: Notified event "kernel.finish_request" to listener "Symfony\Component\Security\Http\Firewall::onKernelFinishRequest". [] []
[2016-05-01 17:42:42] event.DEBUG: Notified event "kernel.terminate" to listener "Symfony\Bundle\SwiftmailerBundle\EventListener\EmailSenderListener::onTerminate". [] []
[2016-05-02 08:07:43] request.INFO: Matched route "adp_wechat_wechat" (parameters: "_controller": "ADP\WechatBundle\Controller\DefaultController::wechatAction", "_route": "adp_wechat_wechat") [] []
[2016-05-02 08:07:44] security.INFO: Populated SecurityContext with an anonymous Token [] []
[2016-05-02 08:07:44] event.DEBUG: Notified event "kernel.request" to listener "Symfony\Component\HttpKernel\EventListener\DebugHandlersListener::configure". [] []
[2016-05-02 08:07:44] event.DEBUG: Notified event "kernel.request" to listener "Symfony\Bundle\FrameworkBundle\EventListener\SessionListener::onKernelRequest". [] []
[2016-05-02 08:07:44] event.DEBUG: Notified event "kernel.request" to listener "Symfony\Component\HttpKernel\EventListener\FragmentListener::onKernelRequest". [] []
[2016-05-02 08:07:44] event.DEBUG: Notified event "kernel.request" to listener "Symfony\Component\HttpKernel\EventListener\RouterListener::onKernelRequest". [] []
[2016-05-02 08:07:44] event.DEBUG: Notified event "kernel.request" to listener "Symfony\Component\HttpKernel\EventListener\LocaleListener::onKernelRequest". [] []
[2016-05-02 08:07:44] event.DEBUG: Notified event "kernel.request" to listener "Symfony\Component\HttpKernel\EventListener\TranslatorListener::onKernelRequest". [] []
[2016-05-02 08:07:44] event.DEBUG: Notified event "kernel.request" to listener "Symfony\Component\Security\Http\Firewall::onKernelRequest". [] []
[2016-05-02 08:07:44] event.DEBUG: Notified event "kernel.controller" to listener "Sensio\Bundle\FrameworkExtraBundle\EventListener\ControllerListener::onKernelController". [] []
[2016-05-02 08:07:44] event.DEBUG: Notified event "kernel.controller" to listener "Sensio\Bundle\FrameworkExtraBundle\EventListener\ParamConverterListener::onKernelController". [] []
[2016-05-02 08:07:44] event.DEBUG: Notified event "kernel.controller" to listener "Sensio\Bundle\FrameworkExtraBundle\EventListener\HttpCacheListener::onKernelController". [] []
[2016-05-02 08:07:44] event.DEBUG: Notified event "kernel.controller" to listener "Sensio\Bundle\FrameworkExtraBundle\EventListener\SecurityListener::onKernelController". [] []
[2016-05-02 08:07:44] event.DEBUG: Notified event "kernel.controller" to listener "Sensio\Bundle\FrameworkExtraBundle\EventListener\TemplateListener::onKernelController". [] []
[2016-05-02 08:07:44] php.EMERGENCY: Fatal Error: Class 'MysqliDbb' not found {"type":1,"file":"/vagrant/app/cache/prod/appProdDebugProjectContainer.php","line":2996,"level":16383,"stack":[{"function":"getVendor_MysqlidbService","type":"->","class":"appProdDebugProjectContainer","file":"/vagrant/app/bootstrap.php.cache","line":2125,"args":[]},{"function":"get","type":"->","class":"Symfony\\Component\\DependencyInjection\\Container","file":"/vagrant/src/ADP/WechatBundle/Controller/DefaultController.php","line":16,"args":[]},{"function":"wechatAction","type":"->","class":"ADP\\WechatBundle\\Controller\\DefaultController","file":"/vagrant/app/bootstrap.php.cache","line":3054,"args":[]},{"function":"call_user_func_array","file":"/vagrant/app/bootstrap.php.cache","line":3054,"args":[]},{"function":"handleRaw","type":"->","class":"Symfony\\Component\\HttpKernel\\HttpKernel","file":"/vagrant/app/bootstrap.php.cache","line":3016,"args":[]},{"function":"handle","type":"->","class":"Symfony\\Component\\HttpKernel\\HttpKernel","file":"/vagrant/app/bootstrap.php.cache","line":3165,"args":[]},{"function":"handle","type":"->","class":"Symfony\\Component\\HttpKernel\\DependencyInjection\\ContainerAwareHttpKernel","file":"/vagrant/app/bootstrap.php.cache","line":2406,"args":[]},{"function":"handle","type":"->","class":"Symfony\\Component\\HttpKernel\\Kernel","file":"/vagrant/web/app.php","line":29,"args":[]},{"function":"{main}","file":"/vagrant/web/app.php","line":0,"args":[]}]} []
[2016-05-02 08:07:59] request.CRITICAL: Uncaught PHP Exception Symfony\Component\Debug\Exception\ClassNotFoundException: "Attempted to load class "MysqliDbb" from the global namespace. Did you forget a "use" statement?" at /vagrant/app/cache/prod/appProdDebugProjectContainer.php line 2996 {"exception":"[object] (Symfony\\Component\\Debug\\Exception\\ClassNotFoundException(code: 0): Attempted to load class \"MysqliDbb\" from the global namespace.\nDid you forget a \"use\" statement? at /vagrant/app/cache/prod/appProdDebugProjectContainer.php:2996)"} []
[2016-05-02 08:07:59] event.DEBUG: Notified event "kernel.request" to listener "Symfony\Component\HttpKernel\EventListener\DebugHandlersListener::configure". [] []
[2016-05-02 08:07:59] event.DEBUG: Notified event "kernel.request" to listener "Symfony\Bundle\FrameworkBundle\EventListener\SessionListener::onKernelRequest". [] []
[2016-05-02 08:07:59] event.DEBUG: Notified event "kernel.request" to listener "Symfony\Component\HttpKernel\EventListener\FragmentListener::onKernelRequest". [] []
[2016-05-02 08:07:59] event.DEBUG: Notified event "kernel.request" to listener "Symfony\Component\HttpKernel\EventListener\RouterListener::onKernelRequest". [] []
[2016-05-02 08:07:59] event.DEBUG: Notified event "kernel.request" to listener "Symfony\Component\HttpKernel\EventListener\LocaleListener::onKernelRequest". [] []
[2016-05-02 08:07:59] event.DEBUG: Notified event "kernel.request" to listener "Symfony\Component\HttpKernel\EventListener\TranslatorListener::onKernelRequest". [] []
[2016-05-02 08:07:59] event.DEBUG: Notified event "kernel.request" to listener "Symfony\Component\Security\Http\Firewall::onKernelRequest". [] []
[2016-05-02 08:07:59] event.DEBUG: Notified event "kernel.controller" to listener "Sensio\Bundle\FrameworkExtraBundle\EventListener\ControllerListener::onKernelController". [] []
[2016-05-02 08:07:59] event.DEBUG: Notified event "kernel.controller" to listener "Sensio\Bundle\FrameworkExtraBundle\EventListener\ParamConverterListener::onKernelController". [] []
[2016-05-02 08:07:59] event.DEBUG: Notified event "kernel.controller" to listener "Sensio\Bundle\FrameworkExtraBundle\EventListener\HttpCacheListener::onKernelController". [] []
[2016-05-02 08:07:59] event.DEBUG: Notified event "kernel.controller" to listener "Sensio\Bundle\FrameworkExtraBundle\EventListener\SecurityListener::onKernelController". [] []
[2016-05-02 08:07:59] event.DEBUG: Notified event "kernel.controller" to listener "Sensio\Bundle\FrameworkExtraBundle\EventListener\TemplateListener::onKernelController". [] []
[2016-05-02 08:08:00] event.DEBUG: Notified event "kernel.response" to listener "Symfony\Component\Security\Http\Firewall\ContextListener::onKernelResponse". [] []
[2016-05-02 08:08:00] event.DEBUG: Notified event "kernel.response" to listener "Symfony\Component\HttpKernel\EventListener\ResponseListener::onKernelResponse". [] []
[2016-05-02 08:08:00] event.DEBUG: Notified event "kernel.response" to listener "Symfony\Component\Security\Http\RememberMe\ResponseListener::onKernelResponse". [] []
[2016-05-02 08:08:00] event.DEBUG: Notified event "kernel.response" to listener "Sensio\Bundle\FrameworkExtraBundle\EventListener\HttpCacheListener::onKernelResponse". [] []
[2016-05-02 08:08:00] event.DEBUG: Notified event "kernel.response" to listener "Symfony\Component\HttpKernel\EventListener\SaveSessionListener::onKernelResponse". [] []
[2016-05-02 08:08:00] event.DEBUG: Notified event "kernel.response" to listener "Symfony\Component\HttpKernel\EventListener\StreamedResponseListener::onKernelResponse". [] []
[2016-05-02 08:08:00] event.DEBUG: Notified event "kernel.finish_request" to listener "Symfony\Component\HttpKernel\EventListener\LocaleListener::onKernelFinishRequest". [] []
[2016-05-02 08:08:00] event.DEBUG: Notified event "kernel.finish_request" to listener "Symfony\Component\HttpKernel\EventListener\TranslatorListener::onKernelFinishRequest". [] []
[2016-05-02 08:08:00] event.DEBUG: Notified event "kernel.finish_request" to listener "Symfony\Component\HttpKernel\EventListener\RouterListener::onKernelFinishRequest". [] []
[2016-05-02 08:08:00] event.DEBUG: Notified event "kernel.finish_request" to listener "Symfony\Component\Security\Http\Firewall::onKernelFinishRequest". [] []
[2016-05-02 08:08:00] event.DEBUG: Notified event "kernel.exception" to listener "Symfony\Component\Security\Http\Firewall\ExceptionListener::onKernelException". [] []
[2016-05-02 08:08:00] event.DEBUG: Notified event "kernel.exception" to listener "Symfony\Component\HttpKernel\EventListener\ExceptionListener::onKernelException". [] []
[2016-05-02 08:08:00] event.DEBUG: Listener "Symfony\Component\HttpKernel\EventListener\ExceptionListener::onKernelException" stopped propagation of the event "kernel.exception". [] []
[2016-05-02 08:08:00] security.DEBUG: Write SecurityContext in the session [] []
[2016-05-02 08:08:00] event.DEBUG: Notified event "kernel.response" to listener "Symfony\Component\HttpKernel\EventListener\ResponseListener::onKernelResponse". [] []
[2016-05-02 08:08:00] event.DEBUG: Notified event "kernel.response" to listener "Symfony\Component\Security\Http\RememberMe\ResponseListener::onKernelResponse". [] []
[2016-05-02 08:08:00] event.DEBUG: Notified event "kernel.response" to listener "Sensio\Bundle\FrameworkExtraBundle\EventListener\HttpCacheListener::onKernelResponse". [] []
[2016-05-02 08:08:00] event.DEBUG: Notified event "kernel.response" to listener "Symfony\Component\HttpKernel\EventListener\SaveSessionListener::onKernelResponse". [] []
[2016-05-02 08:08:00] event.DEBUG: Notified event "kernel.response" to listener "Symfony\Component\HttpKernel\EventListener\StreamedResponseListener::onKernelResponse". [] []
[2016-05-02 08:08:00] event.DEBUG: Notified event "kernel.finish_request" to listener "Symfony\Component\HttpKernel\EventListener\LocaleListener::onKernelFinishRequest". [] []
[2016-05-02 08:08:00] event.DEBUG: Notified event "kernel.finish_request" to listener "Symfony\Component\HttpKernel\EventListener\TranslatorListener::onKernelFinishRequest". [] []
[2016-05-02 08:08:00] event.DEBUG: Notified event "kernel.finish_request" to listener "Symfony\Component\HttpKernel\EventListener\RouterListener::onKernelFinishRequest". [] []
[2016-05-02 08:08:00] event.DEBUG: Notified event "kernel.finish_request" to listener "Symfony\Component\Security\Http\Firewall::onKernelFinishRequest". [] []
[2016-05-02 08:08:00] event.DEBUG: Notified event "kernel.terminate" to listener "Symfony\Bundle\SwiftmailerBundle\EventListener\EmailSenderListener::onTerminate". [] []
[2016-05-02 08:41:17] request.INFO: Matched route "adp_wechat_wechat" (parameters: "_controller": "ADP\WechatBundle\Controller\DefaultController::wechatAction", "_route": "adp_wechat_wechat") [] []
[2016-05-02 08:41:17] security.INFO: Populated SecurityContext with an anonymous Token [] []
[2016-05-02 08:41:17] event.DEBUG: Notified event "kernel.request" to listener "Symfony\Component\HttpKernel\EventListener\DebugHandlersListener::configure". [] []
[2016-05-02 08:41:17] event.DEBUG: Notified event "kernel.request" to listener "Symfony\Bundle\FrameworkBundle\EventListener\SessionListener::onKernelRequest". [] []
[2016-05-02 08:41:17] event.DEBUG: Notified event "kernel.request" to listener "Symfony\Component\HttpKernel\EventListener\FragmentListener::onKernelRequest". [] []
[2016-05-02 08:41:17] event.DEBUG: Notified event "kernel.request" to listener "Symfony\Component\HttpKernel\EventListener\RouterListener::onKernelRequest". [] []
[2016-05-02 08:41:17] event.DEBUG: Notified event "kernel.request" to listener "Symfony\Component\HttpKernel\EventListener\LocaleListener::onKernelRequest". [] []
[2016-05-02 08:41:17] event.DEBUG: Notified event "kernel.request" to listener "Symfony\Component\HttpKernel\EventListener\TranslatorListener::onKernelRequest". [] []
[2016-05-02 08:41:17] event.DEBUG: Notified event "kernel.request" to listener "Symfony\Component\Security\Http\Firewall::onKernelRequest". [] []
[2016-05-02 08:41:17] php.EMERGENCY: Fatal Parse Error: syntax error, unexpected '=', expecting ')' {"type":4,"file":"/vagrant/src/ADP/WechatBundle/Controller/DefaultController.php","line":23,"level":16383,"stack":[{"function":"Composer\\Autoload\\includeFile","file":"/vagrant/vendor/composer/ClassLoader.php","line":301,"args":[]},{"function":"loadClass","type":"->","class":"Composer\\Autoload\\ClassLoader","file":"/vagrant/app/cache/prod/classes.php","line":0,"args":[]},{"function":"spl_autoload_call","file":"/vagrant/app/cache/prod/classes.php","line":2899,"args":[]},{"function":"class_exists","file":"/vagrant/app/cache/prod/classes.php","line":2899,"args":[]},{"function":"createController","type":"->","class":"Symfony\\Bundle\\FrameworkBundle\\Controller\\ControllerResolver","file":"/vagrant/app/cache/prod/classes.php","line":2516,"args":[]},{"function":"getController","type":"->","class":"Symfony\\Component\\HttpKernel\\Controller\\ControllerResolver","file":"/vagrant/vendor/symfony/symfony/src/Symfony/Component/HttpKernel/Controller/TraceableControllerResolver.php","line":46,"args":[]},{"function":"getController","type":"->","class":"Symfony\\Component\\HttpKernel\\Controller\\TraceableControllerResolver","file":"/vagrant/app/bootstrap.php.cache","line":3047,"args":[]},{"function":"handleRaw","type":"->","class":"Symfony\\Component\\HttpKernel\\HttpKernel","file":"/vagrant/app/bootstrap.php.cache","line":3016,"args":[]},{"function":"handle","type":"->","class":"Symfony\\Component\\HttpKernel\\HttpKernel","file":"/vagrant/app/bootstrap.php.cache","line":3165,"args":[]},{"function":"handle","type":"->","class":"Symfony\\Component\\HttpKernel\\DependencyInjection\\ContainerAwareHttpKernel","file":"/vagrant/app/bootstrap.php.cache","line":2406,"args":[]},{"function":"handle","type":"->","class":"Symfony\\Component\\HttpKernel\\Kernel","file":"/vagrant/web/app.php","line":29,"args":[]},{"function":"{main}","file":"/vagrant/web/app.php","line":0,"args":[]}]} []
[2016-05-02 08:41:17] request.CRITICAL: Uncaught PHP Exception Symfony\Component\Debug\Exception\FatalErrorException: "Parse Error: syntax error, unexpected '=', expecting ')'" at /vagrant/src/ADP/WechatBundle/Controller/DefaultController.php line 23 {"exception":"[object] (Symfony\\Component\\Debug\\Exception\\FatalErrorException(code: 0): Parse Error: syntax error, unexpected '=', expecting ')' at /vagrant/src/ADP/WechatBundle/Controller/DefaultController.php:23)"} []
[2016-05-02 08:41:17] event.DEBUG: Notified event "kernel.request" to listener "Symfony\Component\HttpKernel\EventListener\DebugHandlersListener::configure". [] []
[2016-05-02 08:41:17] event.DEBUG: Notified event "kernel.request" to listener "Symfony\Bundle\FrameworkBundle\EventListener\SessionListener::onKernelRequest". [] []
[2016-05-02 08:41:17] event.DEBUG: Notified event "kernel.request" to listener "Symfony\Component\HttpKernel\EventListener\FragmentListener::onKernelRequest". [] []
[2016-05-02 08:41:17] event.DEBUG: Notified event "kernel.request" to listener "Symfony\Component\HttpKernel\EventListener\RouterListener::onKernelRequest". [] []
[2016-05-02 08:41:17] event.DEBUG: Notified event "kernel.request" to listener "Symfony\Component\HttpKernel\EventListener\LocaleListener::onKernelRequest". [] []
[2016-05-02 08:41:17] event.DEBUG: Notified event "kernel.request" to listener "Symfony\Component\HttpKernel\EventListener\TranslatorListener::onKernelRequest". [] []
[2016-05-02 08:41:17] event.DEBUG: Notified event "kernel.request" to listener "Symfony\Component\Security\Http\Firewall::onKernelRequest". [] []
[2016-05-02 08:41:18] event.DEBUG: Notified event "kernel.controller" to listener "Sensio\Bundle\FrameworkExtraBundle\EventListener\ControllerListener::onKernelController". [] []
[2016-05-02 08:41:18] event.DEBUG: Notified event "kernel.controller" to listener "Sensio\Bundle\FrameworkExtraBundle\EventListener\ParamConverterListener::onKernelController". [] []
[2016-05-02 08:41:18] event.DEBUG: Notified event "kernel.controller" to listener "Sensio\Bundle\FrameworkExtraBundle\EventListener\HttpCacheListener::onKernelController". [] []
[2016-05-02 08:41:18] event.DEBUG: Notified event "kernel.controller" to listener "Sensio\Bundle\FrameworkExtraBundle\EventListener\SecurityListener::onKernelController". [] []
[2016-05-02 08:41:18] event.DEBUG: Notified event "kernel.controller" to listener "Sensio\Bundle\FrameworkExtraBundle\EventListener\TemplateListener::onKernelController". [] []
[2016-05-02 08:41:18] event.DEBUG: Notified event "kernel.response" to listener "Symfony\Component\Security\Http\Firewall\ContextListener::onKernelResponse". [] []
[2016-05-02 08:41:18] event.DEBUG: Notified event "kernel.response" to listener "Symfony\Component\HttpKernel\EventListener\ResponseListener::onKernelResponse". [] []
[2016-05-02 08:41:18] event.DEBUG: Notified event "kernel.response" to listener "Symfony\Component\Security\Http\RememberMe\ResponseListener::onKernelResponse". [] []
[2016-05-02 08:41:18] event.DEBUG: Notified event "kernel.response" to listener "Sensio\Bundle\FrameworkExtraBundle\EventListener\HttpCacheListener::onKernelResponse". [] []
[2016-05-02 08:41:18] event.DEBUG: Notified event "kernel.response" to listener "Symfony\Component\HttpKernel\EventListener\SaveSessionListener::onKernelResponse". [] []
[2016-05-02 08:41:18] event.DEBUG: Notified event "kernel.response" to listener "Symfony\Component\HttpKernel\EventListener\StreamedResponseListener::onKernelResponse". [] []
[2016-05-02 08:41:18] event.DEBUG: Notified event "kernel.finish_request" to listener "Symfony\Component\HttpKernel\EventListener\LocaleListener::onKernelFinishRequest". [] []
[2016-05-02 08:41:18] event.DEBUG: Notified event "kernel.finish_request" to listener "Symfony\Component\HttpKernel\EventListener\TranslatorListener::onKernelFinishRequest". [] []
[2016-05-02 08:41:18] event.DEBUG: Notified event "kernel.finish_request" to listener "Symfony\Component\HttpKernel\EventListener\RouterListener::onKernelFinishRequest". [] []
[2016-05-02 08:41:18] event.DEBUG: Notified event "kernel.finish_request" to listener "Symfony\Component\Security\Http\Firewall::onKernelFinishRequest". [] []
[2016-05-02 08:41:18] event.DEBUG: Notified event "kernel.exception" to listener "Symfony\Component\Security\Http\Firewall\ExceptionListener::onKernelException". [] []
[2016-05-02 08:41:18] event.DEBUG: Notified event "kernel.exception" to listener "Symfony\Component\HttpKernel\EventListener\ExceptionListener::onKernelException". [] []
[2016-05-02 08:41:18] event.DEBUG: Listener "Symfony\Component\HttpKernel\EventListener\ExceptionListener::onKernelException" stopped propagation of the event "kernel.exception". [] []
[2016-05-02 08:41:18] security.DEBUG: Write SecurityContext in the session [] []
[2016-05-02 08:41:18] event.DEBUG: Notified event "kernel.response" to listener "Symfony\Component\HttpKernel\EventListener\ResponseListener::onKernelResponse". [] []
[2016-05-02 08:41:18] event.DEBUG: Notified event "kernel.response" to listener "Symfony\Component\Security\Http\RememberMe\ResponseListener::onKernelResponse". [] []
[2016-05-02 08:41:18] event.DEBUG: Notified event "kernel.response" to listener "Sensio\Bundle\FrameworkExtraBundle\EventListener\HttpCacheListener::onKernelResponse". [] []
[2016-05-02 08:41:18] event.DEBUG: Notified event "kernel.response" to listener "Symfony\Component\HttpKernel\EventListener\SaveSessionListener::onKernelResponse". [] []
[2016-05-02 08:41:18] event.DEBUG: Notified event "kernel.response" to listener "Symfony\Component\HttpKernel\EventListener\StreamedResponseListener::onKernelResponse". [] []
[2016-05-02 08:41:18] event.DEBUG: Notified event "kernel.finish_request" to listener "Symfony\Component\HttpKernel\EventListener\LocaleListener::onKernelFinishRequest". [] []
[2016-05-02 08:41:18] event.DEBUG: Notified event "kernel.finish_request" to listener "Symfony\Component\HttpKernel\EventListener\TranslatorListener::onKernelFinishRequest". [] []
[2016-05-02 08:41:18] event.DEBUG: Notified event "kernel.finish_request" to listener "Symfony\Component\HttpKernel\EventListener\RouterListener::onKernelFinishRequest". [] []
[2016-05-02 08:41:18] event.DEBUG: Notified event "kernel.finish_request" to listener "Symfony\Component\Security\Http\Firewall::onKernelFinishRequest". [] []
[2016-05-02 08:41:18] event.DEBUG: Notified event "kernel.terminate" to listener "Symfony\Bundle\SwiftmailerBundle\EventListener\EmailSenderListener::onTerminate". [] []
[2016-05-02 08:41:22] request.INFO: Matched route "adp_wechat_wechat" (parameters: "_controller": "ADP\WechatBundle\Controller\DefaultController::wechatAction", "_route": "adp_wechat_wechat") [] []
[2016-05-02 08:41:22] security.INFO: Populated SecurityContext with an anonymous Token [] []
[2016-05-02 08:41:22] event.DEBUG: Notified event "kernel.request" to listener "Symfony\Component\HttpKernel\EventListener\DebugHandlersListener::configure". [] []
[2016-05-02 08:41:22] event.DEBUG: Notified event "kernel.request" to listener "Symfony\Bundle\FrameworkBundle\EventListener\SessionListener::onKernelRequest". [] []
[2016-05-02 08:41:22] event.DEBUG: Notified event "kernel.request" to listener "Symfony\Component\HttpKernel\EventListener\FragmentListener::onKernelRequest". [] []
[2016-05-02 08:41:22] event.DEBUG: Notified event "kernel.request" to listener "Symfony\Component\HttpKernel\EventListener\RouterListener::onKernelRequest". [] []
[2016-05-02 08:41:22] event.DEBUG: Notified event "kernel.request" to listener "Symfony\Component\HttpKernel\EventListener\LocaleListener::onKernelRequest". [] []
[2016-05-02 08:41:22] event.DEBUG: Notified event "kernel.request" to listener "Symfony\Component\HttpKernel\EventListener\TranslatorListener::onKernelRequest". [] []
[2016-05-02 08:41:22] event.DEBUG: Notified event "kernel.request" to listener "Symfony\Component\Security\Http\Firewall::onKernelRequest". [] []
[2016-05-02 08:41:22] php.EMERGENCY: Fatal Parse Error: syntax error, unexpected '=', expecting ')' {"type":4,"file":"/vagrant/src/ADP/WechatBundle/Controller/DefaultController.php","line":23,"level":16383,"stack":[{"function":"Composer\\Autoload\\includeFile","file":"/vagrant/vendor/composer/ClassLoader.php","line":301,"args":[]},{"function":"loadClass","type":"->","class":"Composer\\Autoload\\ClassLoader","file":"/vagrant/app/cache/prod/classes.php","line":0,"args":[]},{"function":"spl_autoload_call","file":"/vagrant/app/cache/prod/classes.php","line":2899,"args":[]},{"function":"class_exists","file":"/vagrant/app/cache/prod/classes.php","line":2899,"args":[]},{"function":"createController","type":"->","class":"Symfony\\Bundle\\FrameworkBundle\\Controller\\ControllerResolver","file":"/vagrant/app/cache/prod/classes.php","line":2516,"args":[]},{"function":"getController","type":"->","class":"Symfony\\Component\\HttpKernel\\Controller\\ControllerResolver","file":"/vagrant/vendor/symfony/symfony/src/Symfony/Component/HttpKernel/Controller/TraceableControllerResolver.php","line":46,"args":[]},{"function":"getController","type":"->","class":"Symfony\\Component\\HttpKernel\\Controller\\TraceableControllerResolver","file":"/vagrant/app/bootstrap.php.cache","line":3047,"args":[]},{"function":"handleRaw","type":"->","class":"Symfony\\Component\\HttpKernel\\HttpKernel","file":"/vagrant/app/bootstrap.php.cache","line":3016,"args":[]},{"function":"handle","type":"->","class":"Symfony\\Component\\HttpKernel\\HttpKernel","file":"/vagrant/app/bootstrap.php.cache","line":3165,"args":[]},{"function":"handle","type":"->","class":"Symfony\\Component\\HttpKernel\\DependencyInjection\\ContainerAwareHttpKernel","file":"/vagrant/app/bootstrap.php.cache","line":2406,"args":[]},{"function":"handle","type":"->","class":"Symfony\\Component\\HttpKernel\\Kernel","file":"/vagrant/web/app.php","line":29,"args":[]},{"function":"{main}","file":"/vagrant/web/app.php","line":0,"args":[]}]} []
[2016-05-02 08:41:22] request.CRITICAL: Uncaught PHP Exception Symfony\Component\Debug\Exception\FatalErrorException: "Parse Error: syntax error, unexpected '=', expecting ')'" at /vagrant/src/ADP/WechatBundle/Controller/DefaultController.php line 23 {"exception":"[object] (Symfony\\Component\\Debug\\Exception\\FatalErrorException(code: 0): Parse Error: syntax error, unexpected '=', expecting ')' at /vagrant/src/ADP/WechatBundle/Controller/DefaultController.php:23)"} []
[2016-05-02 08:41:22] event.DEBUG: Notified event "kernel.request" to listener "Symfony\Component\HttpKernel\EventListener\DebugHandlersListener::configure". [] []
[2016-05-02 08:41:22] event.DEBUG: Notified event "kernel.request" to listener "Symfony\Bundle\FrameworkBundle\EventListener\SessionListener::onKernelRequest". [] []
[2016-05-02 08:41:22] event.DEBUG: Notified event "kernel.request" to listener "Symfony\Component\HttpKernel\EventListener\FragmentListener::onKernelRequest". [] []
[2016-05-02 08:41:22] event.DEBUG: Notified event "kernel.request" to listener "Symfony\Component\HttpKernel\EventListener\RouterListener::onKernelRequest". [] []
[2016-05-02 08:41:22] event.DEBUG: Notified event "kernel.request" to listener "Symfony\Component\HttpKernel\EventListener\LocaleListener::onKernelRequest". [] []
[2016-05-02 08:41:22] event.DEBUG: Notified event "kernel.request" to listener "Symfony\Component\HttpKernel\EventListener\TranslatorListener::onKernelRequest". [] []
[2016-05-02 08:41:22] event.DEBUG: Notified event "kernel.request" to listener "Symfony\Component\Security\Http\Firewall::onKernelRequest". [] []
[2016-05-02 08:41:22] event.DEBUG: Notified event "kernel.controller" to listener "Sensio\Bundle\FrameworkExtraBundle\EventListener\ControllerListener::onKernelController". [] []
[2016-05-02 08:41:22] event.DEBUG: Notified event "kernel.controller" to listener "Sensio\Bundle\FrameworkExtraBundle\EventListener\ParamConverterListener::onKernelController". [] []
[2016-05-02 08:41:22] event.DEBUG: Notified event "kernel.controller" to listener "Sensio\Bundle\FrameworkExtraBundle\EventListener\HttpCacheListener::onKernelController". [] []
[2016-05-02 08:41:22] event.DEBUG: Notified event "kernel.controller" to listener "Sensio\Bundle\FrameworkExtraBundle\EventListener\SecurityListener::onKernelController". [] []
[2016-05-02 08:41:22] event.DEBUG: Notified event "kernel.controller" to listener "Sensio\Bundle\FrameworkExtraBundle\EventListener\TemplateListener::onKernelController". [] []
[2016-05-02 08:41:23] event.DEBUG: Notified event "kernel.response" to listener "Symfony\Component\Security\Http\Firewall\ContextListener::onKernelResponse". [] []
[2016-05-02 08:41:23] event.DEBUG: Notified event "kernel.response" to listener "Symfony\Component\HttpKernel\EventListener\ResponseListener::onKernelResponse". [] []
[2016-05-02 08:41:23] event.DEBUG: Notified event "kernel.response" to listener "Symfony\Component\Security\Http\RememberMe\ResponseListener::onKernelResponse". [] []
[2016-05-02 08:41:23] event.DEBUG: Notified event "kernel.response" to listener "Sensio\Bundle\FrameworkExtraBundle\EventListener\HttpCacheListener::onKernelResponse". [] []
[2016-05-02 08:41:23] event.DEBUG: Notified event "kernel.response" to listener "Symfony\Component\HttpKernel\EventListener\SaveSessionListener::onKernelResponse". [] []
[2016-05-02 08:41:23] event.DEBUG: Notified event "kernel.response" to listener "Symfony\Component\HttpKernel\EventListener\StreamedResponseListener::onKernelResponse". [] []
[2016-05-02 08:41:23] event.DEBUG: Notified event "kernel.finish_request" to listener "Symfony\Component\HttpKernel\EventListener\LocaleListener::onKernelFinishRequest". [] []
[2016-05-02 08:41:23] event.DEBUG: Notified event "kernel.finish_request" to listener "Symfony\Component\HttpKernel\EventListener\TranslatorListener::onKernelFinishRequest". [] []
[2016-05-02 08:41:23] event.DEBUG: Notified event "kernel.finish_request" to listener "Symfony\Component\HttpKernel\EventListener\RouterListener::onKernelFinishRequest". [] []
[2016-05-02 08:41:23] event.DEBUG: Notified event "kernel.finish_request" to listener "Symfony\Component\Security\Http\Firewall::onKernelFinishRequest". [] []
[2016-05-02 08:41:23] event.DEBUG: Notified event "kernel.exception" to listener "Symfony\Component\Security\Http\Firewall\ExceptionListener::onKernelException". [] []
[2016-05-02 08:41:23] event.DEBUG: Notified event "kernel.exception" to listener "Symfony\Component\HttpKernel\EventListener\ExceptionListener::onKernelException". [] []
[2016-05-02 08:41:23] event.DEBUG: Listener "Symfony\Component\HttpKernel\EventListener\ExceptionListener::onKernelException" stopped propagation of the event "kernel.exception". [] []
[2016-05-02 08:41:23] security.DEBUG: Write SecurityContext in the session [] []
[2016-05-02 08:41:23] event.DEBUG: Notified event "kernel.response" to listener "Symfony\Component\HttpKernel\EventListener\ResponseListener::onKernelResponse". [] []
[2016-05-02 08:41:23] event.DEBUG: Notified event "kernel.response" to listener "Symfony\Component\Security\Http\RememberMe\ResponseListener::onKernelResponse". [] []
[2016-05-02 08:41:23] event.DEBUG: Notified event "kernel.response" to listener "Sensio\Bundle\FrameworkExtraBundle\EventListener\HttpCacheListener::onKernelResponse". [] []
[2016-05-02 08:41:23] event.DEBUG: Notified event "kernel.response" to listener "Symfony\Component\HttpKernel\EventListener\SaveSessionListener::onKernelResponse". [] []
[2016-05-02 08:41:23] event.DEBUG: Notified event "kernel.response" to listener "Symfony\Component\HttpKernel\EventListener\StreamedResponseListener::onKernelResponse". [] []
[2016-05-02 08:41:23] event.DEBUG: Notified event "kernel.finish_request" to listener "Symfony\Component\HttpKernel\EventListener\LocaleListener::onKernelFinishRequest". [] []
[2016-05-02 08:41:23] event.DEBUG: Notified event "kernel.finish_request" to listener "Symfony\Component\HttpKernel\EventListener\TranslatorListener::onKernelFinishRequest". [] []
[2016-05-02 08:41:23] event.DEBUG: Notified event "kernel.finish_request" to listener "Symfony\Component\HttpKernel\EventListener\RouterListener::onKernelFinishRequest". [] []
[2016-05-02 08:41:23] event.DEBUG: Notified event "kernel.finish_request" to listener "Symfony\Component\Security\Http\Firewall::onKernelFinishRequest". [] []
[2016-05-02 08:41:23] event.DEBUG: Notified event "kernel.terminate" to listener "Symfony\Bundle\SwiftmailerBundle\EventListener\EmailSenderListener::onTerminate". [] []
